Performing C SOURCE FILE Test CMAKE_HAVE_LIBC_PTHREAD failed with the following output:
Change Dir: /home/caio/kioneer_ws/build/CMakeFiles/CMakeTmp

Run Build Command(s):/usr/bin/make cmTC_24ba0/fast && /usr/bin/make -f CMakeFiles/cmTC_24ba0.dir/build.make CMakeFiles/cmTC_24ba0.dir/build
make[1]: Entering directory '/home/caio/kioneer_ws/build/CMakeFiles/CMakeTmp'
Building C object CMakeFiles/cmTC_24ba0.dir/src.c.o
/usr/bin/cc   -DCMAKE_HAVE_LIBC_PTHREAD   -o CMakeFiles/cmTC_24ba0.dir/src.c.o   -c /home/caio/kioneer_ws/build/CMakeFiles/CMakeTmp/src.c
Linking C executable cmTC_24ba0
/usr/bin/cmake -E cmake_link_script CMakeFiles/cmTC_24ba0.dir/link.txt --verbose=1
/usr/bin/cc  -DCMAKE_HAVE_LIBC_PTHREAD    -rdynamic CMakeFiles/cmTC_24ba0.dir/src.c.o  -o cmTC_24ba0 
/usr/bin/ld: CMakeFiles/cmTC_24ba0.dir/src.c.o: in function `main':
src.c:(.text+0x46): undefined reference to `pthread_create'
/usr/bin/ld: src.c:(.text+0x52): undefined reference to `pthread_detach'
/usr/bin/ld: src.c:(.text+0x63): undefined reference to `pthread_join'
collect2: error: ld returned 1 exit status
make[1]: *** [CMakeFiles/cmTC_24ba0.dir/build.make:87: cmTC_24ba0] Error 1
make[1]: Leaving directory '/home/caio/kioneer_ws/build/CMakeFiles/CMakeTmp'
make: *** [Makefile:121: cmTC_24ba0/fast] Error 2


Source file was:
#include <pthread.h>

void* test_func(void* data)
{
  return data;
}

int main(void)
{
  pthread_t thread;
  pthread_create(&thread, NULL, test_func, NULL);
  pthread_detach(thread);
  pthread_join(thread, NULL);
  pthread_atfork(NULL, NULL, NULL);
  pthread_exit(NULL);

  return 0;
}

Determining if the function pthread_create exists in the pthreads failed with the following output:
Change Dir: /home/caio/kioneer_ws/build/CMakeFiles/CMakeTmp

Run Build Command(s):/usr/bin/make cmTC_2babd/fast && /usr/bin/make -f CMakeFiles/cmTC_2babd.dir/build.make CMakeFiles/cmTC_2babd.dir/build
make[1]: Entering directory '/home/caio/kioneer_ws/build/CMakeFiles/CMakeTmp'
Building C object CMakeFiles/cmTC_2babd.dir/CheckFunctionExists.c.o
/usr/bin/cc   -DCHECK_FUNCTION_EXISTS=pthread_create   -o CMakeFiles/cmTC_2babd.dir/CheckFunctionExists.c.o   -c /usr/share/cmake-3.16/Modules/CheckFunctionExists.c
Linking C executable cmTC_2babd
/usr/bin/cmake -E cmake_link_script CMakeFiles/cmTC_2babd.dir/link.txt --verbose=1
/usr/bin/cc  -DCHECK_FUNCTION_EXISTS=pthread_create    -rdynamic CMakeFiles/cmTC_2babd.dir/CheckFunctionExists.c.o  -o cmTC_2babd  -lpthreads 
/usr/bin/ld: cannot find -lpthreads
collect2: error: ld returned 1 exit status
make[1]: *** [CMakeFiles/cmTC_2babd.dir/build.make:87: cmTC_2babd] Error 1
make[1]: Leaving directory '/home/caio/kioneer_ws/build/CMakeFiles/CMakeTmp'
make: *** [Makefile:121: cmTC_2babd/fast] Error 2



Performing C SOURCE FILE Test CMAKE_HAVE_LIBC_PTHREAD failed with the following output:
Change Dir: /home/caio/kioneer_ws/build/CMakeFiles/CMakeTmp

Run Build Command(s):/usr/bin/make cmTC_6f43f/fast && /usr/bin/make -f CMakeFiles/cmTC_6f43f.dir/build.make CMakeFiles/cmTC_6f43f.dir/build
make[1]: Entering directory '/home/caio/kioneer_ws/build/CMakeFiles/CMakeTmp'
Building C object CMakeFiles/cmTC_6f43f.dir/src.c.o
/usr/bin/cc   -DCMAKE_HAVE_LIBC_PTHREAD   -o CMakeFiles/cmTC_6f43f.dir/src.c.o   -c /home/caio/kioneer_ws/build/CMakeFiles/CMakeTmp/src.c
Linking C executable cmTC_6f43f
/usr/bin/cmake -E cmake_link_script CMakeFiles/cmTC_6f43f.dir/link.txt --verbose=1
/usr/bin/cc  -DCMAKE_HAVE_LIBC_PTHREAD    -rdynamic CMakeFiles/cmTC_6f43f.dir/src.c.o  -o cmTC_6f43f 
/usr/bin/ld: CMakeFiles/cmTC_6f43f.dir/src.c.o: in function `main':
src.c:(.text+0x46): undefined reference to `pthread_create'
/usr/bin/ld: src.c:(.text+0x52): undefined reference to `pthread_detach'
/usr/bin/ld: src.c:(.text+0x63): undefined reference to `pthread_join'
collect2: error: ld returned 1 exit status
make[1]: *** [CMakeFiles/cmTC_6f43f.dir/build.make:87: cmTC_6f43f] Error 1
make[1]: Leaving directory '/home/caio/kioneer_ws/build/CMakeFiles/CMakeTmp'
make: *** [Makefile:121: cmTC_6f43f/fast] Error 2


Source file was:
#include <pthread.h>

void* test_func(void* data)
{
  return data;
}

int main(void)
{
  pthread_t thread;
  pthread_create(&thread, NULL, test_func, NULL);
  pthread_detach(thread);
  pthread_join(thread, NULL);
  pthread_atfork(NULL, NULL, NULL);
  pthread_exit(NULL);

  return 0;
}

Determining if the function pthread_create exists in the pthreads failed with the following output:
Change Dir: /home/caio/kioneer_ws/build/CMakeFiles/CMakeTmp

Run Build Command(s):/usr/bin/make cmTC_c82af/fast && /usr/bin/make -f CMakeFiles/cmTC_c82af.dir/build.make CMakeFiles/cmTC_c82af.dir/build
make[1]: Entering directory '/home/caio/kioneer_ws/build/CMakeFiles/CMakeTmp'
Building C object CMakeFiles/cmTC_c82af.dir/CheckFunctionExists.c.o
/usr/bin/cc   -DCHECK_FUNCTION_EXISTS=pthread_create   -o CMakeFiles/cmTC_c82af.dir/CheckFunctionExists.c.o   -c /usr/share/cmake-3.16/Modules/CheckFunctionExists.c
Linking C executable cmTC_c82af
/usr/bin/cmake -E cmake_link_script CMakeFiles/cmTC_c82af.dir/link.txt --verbose=1
/usr/bin/cc  -DCHECK_FUNCTION_EXISTS=pthread_create    -rdynamic CMakeFiles/cmTC_c82af.dir/CheckFunctionExists.c.o  -o cmTC_c82af  -lpthreads 
/usr/bin/ld: cannot find -lpthreads
collect2: error: ld returned 1 exit status
make[1]: *** [CMakeFiles/cmTC_c82af.dir/build.make:87: cmTC_c82af] Error 1
make[1]: Leaving directory '/home/caio/kioneer_ws/build/CMakeFiles/CMakeTmp'
make: *** [Makefile:121: cmTC_c82af/fast] Error 2



Determining if the include file pgm.h exists failed with the following output:
Change Dir: /home/caio/kioneer_ws/build/CMakeFiles/CMakeTmp

Run Build Command(s):/usr/bin/make cmTC_0cf7f/fast && make[1]: Entering directory '/home/caio/kioneer_ws/build/CMakeFiles/CMakeTmp'
/usr/bin/make -f CMakeFiles/cmTC_0cf7f.dir/build.make CMakeFiles/cmTC_0cf7f.dir/build
make[2]: Entering directory '/home/caio/kioneer_ws/build/CMakeFiles/CMakeTmp'
Building CXX object CMakeFiles/cmTC_0cf7f.dir/CheckIncludeFile.cxx.o
/usr/bin/c++     -o CMakeFiles/cmTC_0cf7f.dir/CheckIncludeFile.cxx.o -c /home/caio/kioneer_ws/build/CMakeFiles/CMakeTmp/CheckIncludeFile.cxx
/home/caio/kioneer_ws/build/CMakeFiles/CMakeTmp/CheckIncludeFile.cxx:1:10: fatal error: pgm.h: No such file or directory
    1 | #include <pgm.h>
      |          ^~~~~~~
compilation terminated.
make[2]: *** [CMakeFiles/cmTC_0cf7f.dir/build.make:66: CMakeFiles/cmTC_0cf7f.dir/CheckIncludeFile.cxx.o] Error 1
make[2]: Leaving directory '/home/caio/kioneer_ws/build/CMakeFiles/CMakeTmp'
make[1]: *** [Makefile:121: cmTC_0cf7f/fast] Error 2
make[1]: Leaving directory '/home/caio/kioneer_ws/build/CMakeFiles/CMakeTmp'



